----- Candidate Profile -----
Name: mounika
Date of Birth: 10-05-1999
Contact Number: 9885089135
Email: mounika@email.com

--- Education Details ---
Degree: B.Tech
University: ANDHRA University
Year of Graduation: 2018
CGPA: 8.2

--- Work Experience ---
Company Name: Infosys
Job Role: Software Engineer
Years of Experience: 6
Skills: Python, Java
Eligible for Senior Role

----- Candidate Profile -----
Name: chandhini
Date of Birth: 22-08-1999
Contact Number: 9123456780
Email: chandhini@email.com

--- Education Details ---
Degree: BSc Computer Science
University: Delhi University
Year of Graduation: 2021
CGPA: 7.9

--- Work Experience ---
Company Name: TCS
Job Role: Junior Developer
Years of Experience: 2
Skills: Python, SQL
Eligible for Junior Role
